<?xml version="1.0" encoding="UTF-8"?>
<!-- Generated by org.testng.reporters.JUnitReportReporter -->
<testsuite hostname="Mayas-MacBook-Air.local" failures="0" tests="2" name="testSuite1.Module2" time="0.097" errors="0" timestamp="2024-10-28T20:36:50 EDT" skipped="0">
  <testcase classname="testSuite1.Module2" name="test002" time="0.045"/>
  <testcase classname="testSuite1.Module2" name="test001" time="0.052"/>
</testsuite> <!-- testSuite1.Module2 -->
