<?xml version="1.0" encoding="UTF-8"?>
<!-- Generated by org.testng.reporters.JUnitReportReporter -->
<testsuite hostname="Mayas-MacBook-Air.local" failures="0" tests="1" name="testNGClassTest.messagePrintTest.TestMessageUtils" time="0.017" errors="0" timestamp="2024-10-30T12:34:20 EDT" skipped="0">
  <testcase classname="testNGClassTest.messagePrintTest.TestMessageUtils" name="testPrintMessage" time="0.017"/>
</testsuite> <!-- testNGClassTest.messagePrintTest.TestMessageUtils -->
