<?xml version="1.0" encoding="UTF-8"?>
<!-- Generated by org.testng.reporters.JUnitReportReporter -->
<testsuite hostname="Mayas-MacBook-Air.local" failures="0" tests="5" name="testNGParametrisedTest.testPrimeNumberDataProvider" time="0.028" errors="0" timestamp="2024-10-31T13:16:11 EDT" skipped="0">
  <testcase classname="testNGParametrisedTest.testPrimeNumberDataProvider" name="testPrimeNumberChecker" time="0.004"/>
  <testcase classname="testNGParametrisedTest.testPrimeNumberDataProvider" name="testPrimeNumberChecker" time="0.001"/>
  <testcase classname="testNGParametrisedTest.testPrimeNumberDataProvider" name="testPrimeNumberChecker" time="0.017"/>
  <testcase classname="testNGParametrisedTest.testPrimeNumberDataProvider" name="testPrimeNumberChecker" time="0.003"/>
  <testcase classname="testNGParametrisedTest.testPrimeNumberDataProvider" name="testPrimeNumberChecker" time="0.003"/>
</testsuite> <!-- testNGParametrisedTest.testPrimeNumberDataProvider -->
