<?xml version="1.0" encoding="UTF-8"?>
<!-- Generated by org.testng.reporters.JUnitReportReporter -->
<testsuite hostname="Mayas-MacBook-Air.local" failures="0" tests="5" name="testNGDependson.testDependson" time="0.025" errors="0" timestamp="2024-10-31T11:26:54 EDT" skipped="0">
  <testcase classname="testNGDependson.testDependson" name="testText" time="0.015"/>
  <testcase classname="testNGDependson.testDependson" name="testArrving" time="0.003"/>
  <testcase classname="testNGDependson.testDependson" name="testWelcome" time="0.002"/>
  <testcase classname="testNGDependson.testDependson" name="testArrived" time="0.003"/>
  <testcase classname="testNGDependson.testDependson" name="testBye" time="0.002"/>
</testsuite> <!-- testNGDependson.testDependson -->
