<?xml version="1.0" encoding="UTF-8"?>
<!-- Generated by org.testng.reporters.JUnitReportReporter -->
<testsuite hostname="Mayas-MacBook-Air.local" failures="0" tests="2" name="testNGClassTestIgnore.TestIgnore" time="0.020" errors="0" timestamp="2024-10-31T15:38:07 EDT" skipped="1">
  <testcase classname="testNGClassTestIgnore.TestIgnore" name="testSalutationtMessage" time="0.020"/>
  <testcase classname="testNGClassTestIgnore.TestIgnore" name="testPrintMessage">
    <skipped/>
  </testcase> <!-- testPrintMessage -->
</testsuite> <!-- testNGClassTestIgnore.TestIgnore -->
