<?xml version="1.0" encoding="UTF-8"?>
<!-- Generated by org.testng.reporters.JUnitReportReporter -->
<testsuite hostname="Mayas-MacBook-Air.local" failures="0" tests="2" name="testNGSamples.Annotations" time="0.028" errors="0" timestamp="2024-10-29T12:03:44 EDT" skipped="0">
  <testcase classname="testNGSamples.Annotations" name="sampleTest" time="0.010"/>
  <testcase classname="testNGSamples.Annotations" name="sampleGroup" time="0.018"/>
</testsuite> <!-- testNGSamples.Annotations -->
