<?xml version="1.0" encoding="UTF-8"?>
<!-- Generated by org.testng.reporters.JUnitReportReporter -->
<testsuite hostname="Mayas-MacBook-Air.local" failures="0" tests="7" name="testNGSamples.Priority" time="0.036" errors="0" timestamp="2024-10-29T13:26:26 EDT" skipped="0">
  <testcase classname="testNGSamples.Priority" name="sample7" time="0.014"/>
  <testcase classname="testNGSamples.Priority" name="sample1" time="0.003"/>
  <testcase classname="testNGSamples.Priority" name="sample3" time="0.003"/>
  <testcase classname="testNGSamples.Priority" name="sample2" time="0.005"/>
  <testcase classname="testNGSamples.Priority" name="sample4" time="0.003"/>
  <testcase classname="testNGSamples.Priority" name="sample5" time="0.002"/>
  <testcase classname="testNGSamples.Priority" name="sample6" time="0.006"/>
</testsuite> <!-- testNGSamples.Priority -->
