<?xml version="1.0" encoding="UTF-8"?>
<!-- Generated by org.testng.reporters.JUnitReportReporter -->
<testsuite hostname="Mayas-MacBook-Air.local" failures="0" tests="5" name="testSuite1.Module1" time="0.030" errors="0" timestamp="2024-11-07T20:44:02 EST" skipped="0">
  <testcase classname="testSuite1.Module1" name="test005" time="0.003"/>
  <testcase classname="testSuite1.Module1" name="test001" time="0.017"/>
  <testcase classname="testSuite1.Module1" name="test002" time="0.004"/>
  <testcase classname="testSuite1.Module1" name="test003" time="0.004"/>
  <testcase classname="testSuite1.Module1" name="test004" time="0.002"/>
</testsuite> <!-- testSuite1.Module1 -->
