<?xml version="1.0" encoding="UTF-8"?>
<!-- Generated by org.testng.reporters.JUnitReportReporter -->
<testsuite hostname="Mayas-MacBook-Air.local" failures="0" tests="1" name="testSuite1.Module1" time="0.072" errors="0" timestamp="2024-11-15T08:40:40 EST" skipped="0">
  <testcase classname="testSuite1.Module1" name="test001" time="0.072"/>
</testsuite> <!-- testSuite1.Module1 -->
