<?xml version="1.0" encoding="UTF-8"?>
<!-- Generated by org.testng.reporters.JUnitReportReporter -->
<testsuite hostname="Mayas-MacBook-Air.local" failures="0" tests="2" name="testNGSamples.ParallelTest" time="0.029" errors="0" timestamp="2024-10-31T10:18:20 EDT" skipped="0">
  <testcase classname="testNGSamples.ParallelTest" name="paralleltest2" time="0.013"/>
  <testcase classname="testNGSamples.ParallelTest" name="paralleltest1" time="0.016"/>
</testsuite> <!-- testNGSamples.ParallelTest -->
