<?xml version="1.0" encoding="UTF-8"?>
<!-- Generated by org.testng.reporters.JUnitReportReporter -->
<testsuite hostname="Mayas-MacBook-Air.local" failures="0" tests="3" name="testNGTestGroup.TestGroupRun" time="0.027" errors="0" timestamp="2024-10-30T21:15:18 EDT" skipped="0">
  <testcase classname="testNGTestGroup.TestGroupRun" name="testPrint" time="0.014"/>
  <testcase classname="testNGTestGroup.TestGroupRun" name="testSalutationMessage" time="0.005"/>
  <testcase classname="testNGTestGroup.TestGroupRun" name="testmessage" time="0.008"/>
</testsuite> <!-- testNGTestGroup.TestGroupRun -->
