<?xml version="1.0" encoding="UTF-8"?>
<!-- Generated by org.testng.reporters.JUnitReportReporter -->
<testsuite hostname="Mayas-MacBook-Air.local" failures="0" tests="6" name="testNGSamples.InvocationCount" time="0.033" errors="0" timestamp="2024-10-31T10:18:20 EDT" skipped="1">
  <testcase classname="testNGSamples.InvocationCount" name="invocation3times" time="0.003"/>
  <testcase classname="testNGSamples.InvocationCount" name="invocation3times" time="0.003"/>
  <testcase classname="testNGSamples.InvocationCount" name="invocation3times" time="0.017"/>
  <testcase classname="testNGSamples.InvocationCount" name="invocation2times" time="0.002"/>
  <testcase classname="testNGSamples.InvocationCount" name="invocation2times" time="0.008"/>
  <testcase classname="testNGSamples.InvocationCount" name="invocation10times">
    <skipped/>
  </testcase> <!-- invocation10times -->
</testsuite> <!-- testNGSamples.InvocationCount -->
